/Users/stavvaknin/Projects/flight_alarms/.venv/lib/python3.9/site-packages/urllib3/__init__.py:35: NotOpenSSLWarning: urllib3 v2 only supports OpenSSL 1.1.1+, currently the 'ssl' module is compiled with 'LibreSSL 2.8.3'. See: https://github.com/urllib3/urllib3/issues/3020
  warnings.warn(

Fetched raw arrivals: 100

Collector summary:
inserted_current = 2
inserted_snapshots = 97
inserted_updates = 2
inserted_landed = 0
skipped_canceled = 3
skipped_invalid = 0
errors = 0
/Users/stavvaknin/Projects/flight_alarms/.venv/lib/python3.9/site-packages/urllib3/__init__.py:35: NotOpenSSLWarning: urllib3 v2 only supports OpenSSL 1.1.1+, currently the 'ssl' module is compiled with 'LibreSSL 2.8.3'. See: https://github.com/urllib3/urllib3/issues/3020
  warnings.warn(

Fetched raw arrivals: 100

Collector summary:
inserted_current = 0
inserted_snapshots = 97
inserted_updates = 2
inserted_landed = 0
skipped_canceled = 3
skipped_invalid = 0
errors = 0
/Users/stavvaknin/Projects/flight_alarms/.venv/lib/python3.9/site-packages/urllib3/__init__.py:35: NotOpenSSLWarning: urllib3 v2 only supports OpenSSL 1.1.1+, currently the 'ssl' module is compiled with 'LibreSSL 2.8.3'. See: https://github.com/urllib3/urllib3/issues/3020
  warnings.warn(

Fetched raw arrivals: 100

Collector summary:
inserted_current = 1
inserted_snapshots = 97
inserted_updates = 1
inserted_landed = 0
skipped_canceled = 3
skipped_invalid = 0
errors = 0
/Users/stavvaknin/Projects/flight_alarms/.venv/lib/python3.9/site-packages/urllib3/__init__.py:35: NotOpenSSLWarning: urllib3 v2 only supports OpenSSL 1.1.1+, currently the 'ssl' module is compiled with 'LibreSSL 2.8.3'. See: https://github.com/urllib3/urllib3/issues/3020
  warnings.warn(

Fetched raw arrivals: 100

Collector summary:
inserted_current = 1
inserted_snapshots = 97
inserted_updates = 0
inserted_landed = 0
skipped_canceled = 3
skipped_invalid = 0
errors = 0
/Users/stavvaknin/Projects/flight_alarms/.venv/lib/python3.9/site-packages/urllib3/__init__.py:35: NotOpenSSLWarning: urllib3 v2 only supports OpenSSL 1.1.1+, currently the 'ssl' module is compiled with 'LibreSSL 2.8.3'. See: https://github.com/urllib3/urllib3/issues/3020
  warnings.warn(

Fetched raw arrivals: 100

Collector summary:
inserted_current = 0
inserted_snapshots = 97
inserted_updates = 2
inserted_landed = 1
skipped_canceled = 3
skipped_invalid = 0
errors = 0
/Users/stavvaknin/Projects/flight_alarms/.venv/lib/python3.9/site-packages/urllib3/__init__.py:35: NotOpenSSLWarning: urllib3 v2 only supports OpenSSL 1.1.1+, currently the 'ssl' module is compiled with 'LibreSSL 2.8.3'. See: https://github.com/urllib3/urllib3/issues/3020
  warnings.warn(

Fetched raw arrivals: 100

Collector summary:
inserted_current = 2
inserted_snapshots = 97
inserted_updates = 2
inserted_landed = 1
skipped_canceled = 3
skipped_invalid = 0
errors = 0
/Users/stavvaknin/Projects/flight_alarms/.venv/lib/python3.9/site-packages/urllib3/__init__.py:35: NotOpenSSLWarning: urllib3 v2 only supports OpenSSL 1.1.1+, currently the 'ssl' module is compiled with 'LibreSSL 2.8.3'. See: https://github.com/urllib3/urllib3/issues/3020
  warnings.warn(

Fetched raw arrivals: 100

Collector summary:
inserted_current = 1
inserted_snapshots = 97
inserted_updates = 4
inserted_landed = 1
skipped_canceled = 3
skipped_invalid = 0
errors = 0
/Users/stavvaknin/Projects/flight_alarms/.venv/lib/python3.9/site-packages/urllib3/__init__.py:35: NotOpenSSLWarning: urllib3 v2 only supports OpenSSL 1.1.1+, currently the 'ssl' module is compiled with 'LibreSSL 2.8.3'. See: https://github.com/urllib3/urllib3/issues/3020
  warnings.warn(

Fetched raw arrivals: 100

Collector summary:
inserted_current = 1
inserted_snapshots = 97
inserted_updates = 5
inserted_landed = 1
skipped_canceled = 3
skipped_invalid = 0
errors = 0
/Users/stavvaknin/Projects/flight_alarms/.venv/lib/python3.9/site-packages/urllib3/__init__.py:35: NotOpenSSLWarning: urllib3 v2 only supports OpenSSL 1.1.1+, currently the 'ssl' module is compiled with 'LibreSSL 2.8.3'. See: https://github.com/urllib3/urllib3/issues/3020
  warnings.warn(

Fetched raw arrivals: 100

Collector summary:
inserted_current = 1
inserted_snapshots = 97
inserted_updates = 5
inserted_landed = 1
skipped_canceled = 3
skipped_invalid = 0
errors = 0
/Users/stavvaknin/Projects/flight_alarms/.venv/lib/python3.9/site-packages/urllib3/__init__.py:35: NotOpenSSLWarning: urllib3 v2 only supports OpenSSL 1.1.1+, currently the 'ssl' module is compiled with 'LibreSSL 2.8.3'. See: https://github.com/urllib3/urllib3/issues/3020
  warnings.warn(

Fetched raw arrivals: 100

Collector summary:
inserted_current = 1
inserted_snapshots = 96
inserted_updates = 5
inserted_landed = 1
skipped_canceled = 4
skipped_invalid = 0
errors = 0
/Users/stavvaknin/Projects/flight_alarms/.venv/lib/python3.9/site-packages/urllib3/__init__.py:35: NotOpenSSLWarning: urllib3 v2 only supports OpenSSL 1.1.1+, currently the 'ssl' module is compiled with 'LibreSSL 2.8.3'. See: https://github.com/urllib3/urllib3/issues/3020
  warnings.warn(

Fetched raw arrivals: 100

Collector summary:
inserted_current = 5
inserted_snapshots = 96
inserted_updates = 5
inserted_landed = 1
skipped_canceled = 4
skipped_invalid = 0
errors = 0
/Users/stavvaknin/Projects/flight_alarms/.venv/lib/python3.9/site-packages/urllib3/__init__.py:35: NotOpenSSLWarning: urllib3 v2 only supports OpenSSL 1.1.1+, currently the 'ssl' module is compiled with 'LibreSSL 2.8.3'. See: https://github.com/urllib3/urllib3/issues/3020
  warnings.warn(

Fetched raw arrivals: 100

Collector summary:
inserted_snapshots = 96
inserted_updates = 2
inserted_landed = 1
skipped_canceled = 4
skipped_invalid = 0
errors = 0
/Users/stavvaknin/Projects/flight_alarms/.venv/lib/python3.9/site-packages/urllib3/__init__.py:35: NotOpenSSLWarning: urllib3 v2 only supports OpenSSL 1.1.1+, currently the 'ssl' module is compiled with 'LibreSSL 2.8.3'. See: https://github.com/urllib3/urllib3/issues/3020
  warnings.warn(

Fetched raw arrivals: 100

Collector summary:
inserted_snapshots = 97
inserted_updates = 4
inserted_landed = 1
skipped_canceled = 3
skipped_invalid = 0
errors = 0
/Users/stavvaknin/Projects/flight_alarms/.venv/lib/python3.9/site-packages/urllib3/__init__.py:35: NotOpenSSLWarning: urllib3 v2 only supports OpenSSL 1.1.1+, currently the 'ssl' module is compiled with 'LibreSSL 2.8.3'. See: https://github.com/urllib3/urllib3/issues/3020
  warnings.warn(

Fetched raw arrivals: 100

Collector summary:
inserted_snapshots = 97
inserted_updates = 5
inserted_landed = 1
skipped_canceled = 3
skipped_invalid = 0
errors = 0
/Users/stavvaknin/Projects/flight_alarms/.venv/lib/python3.9/site-packages/urllib3/__init__.py:35: NotOpenSSLWarning: urllib3 v2 only supports OpenSSL 1.1.1+, currently the 'ssl' module is compiled with 'LibreSSL 2.8.3'. See: https://github.com/urllib3/urllib3/issues/3020
  warnings.warn(

Fetched raw arrivals: 100

Collector summary:
inserted_snapshots = 97
inserted_updates = 7
inserted_landed = 1
skipped_canceled = 3
skipped_invalid = 0
errors = 0
/Users/stavvaknin/Projects/flight_alarms/.venv/lib/python3.9/site-packages/urllib3/__init__.py:35: NotOpenSSLWarning: urllib3 v2 only supports OpenSSL 1.1.1+, currently the 'ssl' module is compiled with 'LibreSSL 2.8.3'. See: https://github.com/urllib3/urllib3/issues/3020
  warnings.warn(

Fetched raw arrivals: 100

Collector summary:
inserted_snapshots = 97
inserted_updates = 4
inserted_landed = 1
skipped_canceled = 3
skipped_invalid = 0
errors = 0
/Users/stavvaknin/Projects/flight_alarms/.venv/lib/python3.9/site-packages/urllib3/__init__.py:35: NotOpenSSLWarning: urllib3 v2 only supports OpenSSL 1.1.1+, currently the 'ssl' module is compiled with 'LibreSSL 2.8.3'. See: https://github.com/urllib3/urllib3/issues/3020
  warnings.warn(

Fetched raw arrivals: 100

Collector summary:
inserted_snapshots = 97
inserted_updates = 6
inserted_landed = 1
skipped_canceled = 3
skipped_invalid = 0
errors = 0
/Users/stavvaknin/Projects/flight_alarms/.venv/lib/python3.9/site-packages/urllib3/__init__.py:35: NotOpenSSLWarning: urllib3 v2 only supports OpenSSL 1.1.1+, currently the 'ssl' module is compiled with 'LibreSSL 2.8.3'. See: https://github.com/urllib3/urllib3/issues/3020
  warnings.warn(

Fetched raw arrivals: 100

Collector summary:
inserted_snapshots = 97
inserted_updates = 5
inserted_landed = 1
skipped_canceled = 3
skipped_invalid = 0
errors = 0
/Users/stavvaknin/Projects/flight_alarms/.venv/lib/python3.9/site-packages/urllib3/__init__.py:35: NotOpenSSLWarning: urllib3 v2 only supports OpenSSL 1.1.1+, currently the 'ssl' module is compiled with 'LibreSSL 2.8.3'. See: https://github.com/urllib3/urllib3/issues/3020
  warnings.warn(

Fetched raw arrivals: 100

Collector summary:
inserted_snapshots = 96
inserted_updates = 6
inserted_landed = 2
skipped_canceled = 3
skipped_invalid = 1
errors = 0
/Users/stavvaknin/Projects/flight_alarms/.venv/lib/python3.9/site-packages/urllib3/__init__.py:35: NotOpenSSLWarning: urllib3 v2 only supports OpenSSL 1.1.1+, currently the 'ssl' module is compiled with 'LibreSSL 2.8.3'. See: https://github.com/urllib3/urllib3/issues/3020
  warnings.warn(

Fetched raw arrivals: 100

Collector summary:
inserted_snapshots = 96
inserted_updates = 6
inserted_landed = 2
skipped_canceled = 3
skipped_invalid = 1
errors = 0
/Users/stavvaknin/Projects/flight_alarms/.venv/lib/python3.9/site-packages/urllib3/__init__.py:35: NotOpenSSLWarning: urllib3 v2 only supports OpenSSL 1.1.1+, currently the 'ssl' module is compiled with 'LibreSSL 2.8.3'. See: https://github.com/urllib3/urllib3/issues/3020
  warnings.warn(

Fetched raw arrivals: 100

Collector summary:
inserted_snapshots = 96
inserted_updates = 5
inserted_landed = 1
skipped_canceled = 3
skipped_invalid = 1
errors = 0
/Users/stavvaknin/Projects/flight_alarms/.venv/lib/python3.9/site-packages/urllib3/__init__.py:35: NotOpenSSLWarning: urllib3 v2 only supports OpenSSL 1.1.1+, currently the 'ssl' module is compiled with 'LibreSSL 2.8.3'. See: https://github.com/urllib3/urllib3/issues/3020
  warnings.warn(

Fetched raw arrivals: 100

Collector summary:
inserted_snapshots = 96
inserted_updates = 6
inserted_landed = 1
skipped_canceled = 3
skipped_invalid = 1
errors = 0
/Users/stavvaknin/Projects/flight_alarms/.venv/lib/python3.9/site-packages/urllib3/__init__.py:35: NotOpenSSLWarning: urllib3 v2 only supports OpenSSL 1.1.1+, currently the 'ssl' module is compiled with 'LibreSSL 2.8.3'. See: https://github.com/urllib3/urllib3/issues/3020
  warnings.warn(

Fetched raw arrivals: 100

Collector summary:
inserted_snapshots = 96
inserted_updates = 7
inserted_landed = 1
skipped_canceled = 3
skipped_invalid = 1
errors = 0
/Users/stavvaknin/Projects/flight_alarms/.venv/lib/python3.9/site-packages/urllib3/__init__.py:35: NotOpenSSLWarning: urllib3 v2 only supports OpenSSL 1.1.1+, currently the 'ssl' module is compiled with 'LibreSSL 2.8.3'. See: https://github.com/urllib3/urllib3/issues/3020
  warnings.warn(

Fetched raw arrivals: 100

Collector summary:
inserted_snapshots = 96
inserted_updates = 6
inserted_landed = 1
skipped_canceled = 3
skipped_invalid = 1
errors = 0
/Users/stavvaknin/Projects/flight_alarms/.venv/lib/python3.9/site-packages/urllib3/__init__.py:35: NotOpenSSLWarning: urllib3 v2 only supports OpenSSL 1.1.1+, currently the 'ssl' module is compiled with 'LibreSSL 2.8.3'. See: https://github.com/urllib3/urllib3/issues/3020
  warnings.warn(

Fetched raw arrivals: 100

Collector summary:
inserted_snapshots = 97
inserted_updates = 5
inserted_landed = 1
skipped_canceled = 3
skipped_invalid = 0
errors = 0
/Users/stavvaknin/Projects/flight_alarms/.venv/lib/python3.9/site-packages/urllib3/__init__.py:35: NotOpenSSLWarning: urllib3 v2 only supports OpenSSL 1.1.1+, currently the 'ssl' module is compiled with 'LibreSSL 2.8.3'. See: https://github.com/urllib3/urllib3/issues/3020
  warnings.warn(

Fetched raw arrivals: 100

Collector summary:
inserted_snapshots = 97
inserted_updates = 5
inserted_landed = 1
skipped_canceled = 3
skipped_invalid = 0
errors = 0
/Users/stavvaknin/Projects/flight_alarms/.venv/lib/python3.9/site-packages/urllib3/__init__.py:35: NotOpenSSLWarning: urllib3 v2 only supports OpenSSL 1.1.1+, currently the 'ssl' module is compiled with 'LibreSSL 2.8.3'. See: https://github.com/urllib3/urllib3/issues/3020
  warnings.warn(

Fetched raw arrivals: 100

Collector summary:
inserted_snapshots = 97
inserted_updates = 4
inserted_landed = 1
skipped_canceled = 3
skipped_invalid = 0
errors = 0
/Users/stavvaknin/Projects/flight_alarms/.venv/lib/python3.9/site-packages/urllib3/__init__.py:35: NotOpenSSLWarning: urllib3 v2 only supports OpenSSL 1.1.1+, currently the 'ssl' module is compiled with 'LibreSSL 2.8.3'. See: https://github.com/urllib3/urllib3/issues/3020
  warnings.warn(

Fetched raw arrivals: 100

Collector summary:
inserted_snapshots = 97
inserted_updates = 5
inserted_landed = 1
skipped_canceled = 3
skipped_invalid = 0
errors = 0
/Users/stavvaknin/Projects/flight_alarms/.venv/lib/python3.9/site-packages/urllib3/__init__.py:35: NotOpenSSLWarning: urllib3 v2 only supports OpenSSL 1.1.1+, currently the 'ssl' module is compiled with 'LibreSSL 2.8.3'. See: https://github.com/urllib3/urllib3/issues/3020
  warnings.warn(

Fetched raw arrivals: 100

Collector summary:
inserted_snapshots = 96
inserted_updates = 5
inserted_landed = 1
skipped_canceled = 3
skipped_invalid = 1
errors = 0
/Users/stavvaknin/Projects/flight_alarms/.venv/lib/python3.9/site-packages/urllib3/__init__.py:35: NotOpenSSLWarning: urllib3 v2 only supports OpenSSL 1.1.1+, currently the 'ssl' module is compiled with 'LibreSSL 2.8.3'. See: https://github.com/urllib3/urllib3/issues/3020
  warnings.warn(

Fetched raw arrivals: 100

Collector summary:
inserted_snapshots = 96
inserted_updates = 6
inserted_landed = 1
skipped_canceled = 3
skipped_invalid = 1
errors = 0
/Users/stavvaknin/Projects/flight_alarms/.venv/lib/python3.9/site-packages/urllib3/__init__.py:35: NotOpenSSLWarning: urllib3 v2 only supports OpenSSL 1.1.1+, currently the 'ssl' module is compiled with 'LibreSSL 2.8.3'. See: https://github.com/urllib3/urllib3/issues/3020
  warnings.warn(

Fetched raw arrivals: 100

Collector summary:
inserted_snapshots = 96
inserted_updates = 5
inserted_landed = 1
skipped_canceled = 3
skipped_invalid = 1
errors = 0
/Users/stavvaknin/Projects/flight_alarms/.venv/lib/python3.9/site-packages/urllib3/__init__.py:35: NotOpenSSLWarning: urllib3 v2 only supports OpenSSL 1.1.1+, currently the 'ssl' module is compiled with 'LibreSSL 2.8.3'. See: https://github.com/urllib3/urllib3/issues/3020
  warnings.warn(

Fetched raw arrivals: 100

Collector summary:
inserted_snapshots = 96
inserted_updates = 7
inserted_landed = 1
skipped_canceled = 3
skipped_invalid = 1
errors = 0
/Users/stavvaknin/Projects/flight_alarms/.venv/lib/python3.9/site-packages/urllib3/__init__.py:35: NotOpenSSLWarning: urllib3 v2 only supports OpenSSL 1.1.1+, currently the 'ssl' module is compiled with 'LibreSSL 2.8.3'. See: https://github.com/urllib3/urllib3/issues/3020
  warnings.warn(

Fetched raw arrivals: 100

Collector summary:
inserted_snapshots = 96
inserted_updates = 4
inserted_landed = 1
skipped_canceled = 3
skipped_invalid = 1
errors = 0
